# JRE version: OpenJDK Runtime Environment (17.0.10) (build 17.0.10+0-17.0.10b1087.21-11572160)
# Java VM: OpenJDK 64-Bit Server VM (17.0.10+0-17.0.10b1087.21-11572160, mixed mode, tiered, compressed oops, compressed class ptrs, g1 gc, bsd-amd64)
GC Precious Log:
 CPUs: 16 total, 16 available
 Memory: 16384M
 Large Page Support: Disabled
 NUMA Support: Disabled
 Compressed Oops: Enabled (Zero based)
 Heap Region Size: 4M
 Heap Min Capacity: 8M
 Heap Initial Capacity: 256M
 Heap Max Capacity: 6G
 Pre-touch: Disabled
 Parallel Workers: 13
 Concurrent Workers: 3
 Concurrent Refinement Workers: 13
 Periodic GC: Disabled
Heap:
 garbage-first heap   total 909312K, used 691679K [0x0000000680000000, 0x0000000800000000)
  region size 4096K, 130 young (532480K), 1 survivors (4096K)
 Metaspace       used 136865K, committed 137536K, reserved 1179648K
  class space    used 17105K, committed 17408K, reserved 1048576K
GC Heap History (20 events):
Event: 65.601 GC heap before
{Heap before GC invocations=113 (full 0):
 garbage-first heap   total 909312K, used 681170K [0x0000000680000000, 0x0000000800000000)
  region size 4096K, 133 young (544768K), 5 survivors (20480K)
 Metaspace       used 127909K, committed 128576K, reserved 1179648K
  class space    used 16001K, committed 16320K, reserved 1048576K
}
Event: 65.609 GC heap after
{Heap after GC invocations=114 (full 0):
 garbage-first heap   total 909312K, used 160020K [0x0000000680000000, 0x0000000800000000)
  region size 4096K, 6 young (24576K), 6 survivors (24576K)
 Metaspace       used 127909K, committed 128576K, reserved 1179648K
  class space    used 16001K, committed 16320K, reserved 1048576K
}
Event: 68.012 GC heap before
{Heap before GC invocations=114 (full 0):
 garbage-first heap   total 909312K, used 680212K [0x0000000680000000, 0x0000000800000000)
  region size 4096K, 133 young (544768K), 6 survivors (24576K)
 Metaspace       used 127979K, committed 128640K, reserved 1179648K
  class space    used 16009K, committed 16320K, reserved 1048576K
}
Event: 68.017 GC heap after
{Heap after GC invocations=115 (full 0):
 garbage-first heap   total 909312K, used 147406K [0x0000000680000000, 0x0000000800000000)
  region size 4096K, 4 young (16384K), 4 survivors (16384K)
 Metaspace       used 127979K, committed 128640K, reserved 1179648K
  class space    used 16009K, committed 16320K, reserved 1048576K
}
Event: 68.986 GC heap before
{Heap before GC invocations=115 (full 0):
 garbage-first heap   total 909312K, used 679886K [0x0000000680000000, 0x0000000800000000)
  region size 4096K, 133 young (544768K), 4 survivors (16384K)
 Metaspace       used 127998K, committed 128640K, reserved 1179648K
  class space    used 16009K, committed 16320K, reserved 1048576K
}
Event: 68.993 GC heap after
{Heap after GC invocations=116 (full 0):
 garbage-first heap   total 909312K, used 152945K [0x0000000680000000, 0x0000000800000000)
  region size 4096K, 2 young (8192K), 2 survivors (8192K)
 Metaspace       used 127998K, committed 128640K, reserved 1179648K
  class space    used 16009K, committed 16320K, reserved 1048576K
}
Event: 69.987 GC heap before
{Heap before GC invocations=116 (full 0):
 garbage-first heap   total 909312K, used 689521K [0x0000000680000000, 0x0000000800000000)
  region size 4096K, 133 young (544768K), 2 survivors (8192K)
 Metaspace       used 128000K, committed 128640K, reserved 1179648K
  class space    used 16009K, committed 16320K, reserved 1048576K
}
Event: 69.989 GC heap after
{Heap after GC invocations=117 (full 0):
 garbage-first heap   total 909312K, used 148812K [0x0000000680000000, 0x0000000800000000)
  region size 4096K, 1 young (4096K), 1 survivors (4096K)
 Metaspace       used 128000K, committed 128640K, reserved 1179648K
  class space    used 16009K, committed 16320K, reserved 1048576K
}
Event: 70.914 GC heap before
{Heap before GC invocations=117 (full 0):
 garbage-first heap   total 909312K, used 689484K [0x0000000680000000, 0x0000000800000000)
  region size 4096K, 133 young (544768K), 1 survivors (4096K)
 Metaspace       used 128389K, committed 129088K, reserved 1179648K
  class space    used 16056K, committed 16384K, reserved 1048576K
}
Event: 70.918 GC heap after
{Heap after GC invocations=118 (full 0):
 garbage-first heap   total 909312K, used 152797K [0x0000000680000000, 0x0000000800000000)
  region size 4096K, 2 young (8192K), 2 survivors (8192K)
 Metaspace       used 128389K, committed 129088K, reserved 1179648K
  class space    used 16056K, committed 16384K, reserved 1048576K
}
Event: 72.383 GC heap before
{Heap before GC invocations=118 (full 0):
 garbage-first heap   total 909312K, used 689373K [0x0000000680000000, 0x0000000800000000)
  region size 4096K, 133 young (544768K), 2 survivors (8192K)
 Metaspace       used 129218K, committed 129920K, reserved 1179648K
  class space    used 16134K, committed 16448K, reserved 1048576K
}
Event: 72.384 GC heap after
{Heap after GC invocations=119 (full 0):
 garbage-first heap   total 909312K, used 147258K [0x0000000680000000, 0x0000000800000000)
  region size 4096K, 1 young (4096K), 1 survivors (4096K)
 Metaspace       used 129218K, committed 129920K, reserved 1179648K
  class space    used 16134K, committed 16448K, reserved 1048576K
}
Event: 73.498 GC heap before
{Heap before GC invocations=119 (full 0):
 garbage-first heap   total 909312K, used 687930K [0x0000000680000000, 0x0000000800000000)
  region size 4096K, 133 young (544768K), 1 survivors (4096K)
 Metaspace       used 129250K, committed 129920K, reserved 1179648K
  class space    used 16134K, committed 16448K, reserved 1048576K
}
Event: 73.500 GC heap after
{Heap after GC invocations=120 (full 0):
 garbage-first heap   total 909312K, used 147334K [0x0000000680000000, 0x0000000800000000)
  region size 4096K, 1 young (4096K), 1 survivors (4096K)
 Metaspace       used 129250K, committed 129920K, reserved 1179648K
  class space    used 16134K, committed 16448K, reserved 1048576K
}
Event: 74.442 GC heap before
{Heap before GC invocations=120 (full 0):
 garbage-first heap   total 909312K, used 692102K [0x0000000680000000, 0x0000000800000000)
  region size 4096K, 133 young (544768K), 1 survivors (4096K)
 Metaspace       used 129267K, committed 129920K, reserved 1179648K
  class space    used 16134K, committed 16448K, reserved 1048576K
}
Event: 74.444 GC heap after
{Heap after GC invocations=121 (full 0):
 garbage-first heap   total 909312K, used 152104K [0x0000000680000000, 0x0000000800000000)
  region size 4096K, 1 young (4096K), 1 survivors (4096K)
 Metaspace       used 129267K, committed 129920K, reserved 1179648K
  class space    used 16134K, committed 16448K, reserved 1048576K
}
Event: 75.443 GC heap before
{Heap before GC invocations=121 (full 0):
 garbage-first heap   total 909312K, used 692776K [0x0000000680000000, 0x0000000800000000)
  region size 4096K, 133 young (544768K), 1 survivors (4096K)
 Metaspace       used 129272K, committed 129920K, reserved 1179648K
  class space    used 16134K, committed 16448K, reserved 1048576K
}
Event: 75.445 GC heap after
{Heap after GC invocations=122 (full 0):
 garbage-first heap   total 909312K, used 148324K [0x0000000680000000, 0x0000000800000000)
  region size 4096K, 1 young (4096K), 1 survivors (4096K)
 Metaspace       used 129272K, committed 129920K, reserved 1179648K
  class space    used 16134K, committed 16448K, reserved 1048576K
}
Event: 76.444 GC heap before
{Heap before GC invocations=122 (full 0):
 garbage-first heap   total 909312K, used 688996K [0x0000000680000000, 0x0000000800000000)
  region size 4096K, 133 young (544768K), 1 survivors (4096K)
 Metaspace       used 129273K, committed 129920K, reserved 1179648K
  class space    used 16134K, committed 16448K, reserved 1048576K
}
Event: 76.446 GC heap after
{Heap after GC invocations=123 (full 0):
 garbage-first heap   total 909312K, used 146911K [0x0000000680000000, 0x0000000800000000)
  region size 4096K, 1 young (4096K), 1 survivors (4096K)
 Metaspace       used 129273K, committed 129920K, reserved 1179648K
  class space    used 16134K, committed 16448K, reserved 1048576K
}

